<?xml version="1.0" encoding="UTF-8"?>
<!-- Generated by org.testng.reporters.JUnitReportReporter -->
<testsuite skipped="0" hostname="WKWIN4833400" name="com.sapient.it.AXEAccessibility.ExampleTest" tests="1" failures="0" timestamp="16 Apr 2019 10:50:51 GMT" time="17.581" errors="0">
  <testcase name="testAccessibility" time="17.581" classname="com.sapient.it.AXEAccessibility.ExampleTest"/>
</testsuite> <!-- com.sapient.it.AXEAccessibility.ExampleTest -->
