<?xml version="1.0" encoding="UTF-8"?>
<!-- Generated by org.testng.reporters.JUnitReportReporter -->
<testsuite skipped="0" hostname="WKWIN4833400" name="com.sapient.it.Applitools.FullPageScreenShot" tests="1" failures="0" timestamp="25 Apr 2019 06:52:12 GMT" time="67.864" errors="0">
  <testcase name="CaptureFullPageScreenShot" time="67.864" classname="com.sapient.it.Applitools.FullPageScreenShot"/>
</testsuite> <!-- com.sapient.it.Applitools.FullPageScreenShot -->
